Sun Jan 29 13:41:01 2023 UTC - GameOverlay process started: pid: 18832
Sun Jan 29 13:41:01 2023 UTC - GameOverlay process connecting to: pid: 2204
Sun Jan 29 13:41:01 2023 UTC - BuildID: 1674871341
Sun Jan 29 13:41:01 2023 UTC - Steam Path: C:\Program Files (x86)\Steam
Sun Jan 29 13:41:01 2023 UTC - Got gameid on commandline: 211820
Sun Jan 29 13:41:01 2023 UTC - PNG load warning iCCP: known incorrect sRGB profile
Sun Jan 29 13:41:01 2023 UTC - PNG load warning iCCP: known incorrect sRGB profile
Sun Jan 29 13:41:01 2023 UTC - PNG load warning iCCP: known incorrect sRGB profile
Sun Jan 29 13:41:01 2023 UTC - PNG load warning iCCP: known incorrect sRGB profile
Sun Jan 29 13:41:01 2023 UTC - PNG load warning iCCP: known incorrect sRGB profile
Sun Jan 29 13:41:01 2023 UTC - PNG load warning iCCP: known incorrect sRGB profile
Sun Jan 29 13:41:02 2023 UTC - SetScreenSize from (2560, 1440) to ( 2498, 1417 )
Sun Jan 29 13:41:02 2023 UTC - Changing resolution from (2560, 1440) to (2498, 1417)
Sun Jan 29 14:35:37 2023 UTC - Warning: The game hasn't rendered a frame from us in over 10 seconds
Sun Jan 29 14:35:47 2023 UTC - Warning: The game hasn't rendered a frame from us in over 10 seconds
Sun Jan 29 14:55:17 2023 UTC - Warning: The game hasn't rendered a frame from us in over 10 seconds
Sun Jan 29 14:55:27 2023 UTC - Warning: The game hasn't rendered a frame from us in over 10 seconds
Sun Jan 29 14:56:08 2023 UTC - Warning: The game hasn't rendered a frame from us in over 10 seconds
Sun Jan 29 14:56:18 2023 UTC - Warning: The game hasn't rendered a frame from us in over 10 seconds
Sun Jan 29 14:57:28 2023 UTC - Warning: The game hasn't rendered a frame from us in over 10 seconds
Sun Jan 29 14:57:38 2023 UTC - Warning: The game hasn't rendered a frame from us in over 10 seconds
Sun Jan 29 14:58:15 2023 UTC - Warning: The game hasn't rendered a frame from us in over 10 seconds
Sun Jan 29 14:58:25 2023 UTC - Warning: The game hasn't rendered a frame from us in over 10 seconds
Sun Jan 29 15:02:09 2023 UTC - Warning: The game hasn't rendered a frame from us in over 10 seconds
Sun Jan 29 15:02:19 2023 UTC - Warning: The game hasn't rendered a frame from us in over 10 seconds
Sun Jan 29 15:04:04 2023 UTC - Warning: The game hasn't rendered a frame from us in over 10 seconds
Sun Jan 29 15:04:14 2023 UTC - Warning: The game hasn't rendered a frame from us in over 10 seconds
Sun Jan 29 15:06:45 2023 UTC - Warning: The game hasn't rendered a frame from us in over 10 seconds
Sun Jan 29 15:06:55 2023 UTC - Warning: The game hasn't rendered a frame from us in over 10 seconds
Sun Jan 29 15:07:51 2023 UTC - Warning: The game hasn't rendered a frame from us in over 10 seconds
Sun Jan 29 15:08:01 2023 UTC - Warning: The game hasn't rendered a frame from us in over 10 seconds
Sun Jan 29 15:11:37 2023 UTC - Warning: The game hasn't rendered a frame from us in over 10 seconds
Sun Jan 29 15:11:47 2023 UTC - Warning: The game hasn't rendered a frame from us in over 10 seconds
Sun Jan 29 15:14:04 2023 UTC - Warning: The game hasn't rendered a frame from us in over 10 seconds
Sun Jan 29 15:14:15 2023 UTC - Warning: The game hasn't rendered a frame from us in over 10 seconds
Sun Jan 29 15:15:48 2023 UTC - Warning: The game hasn't rendered a frame from us in over 10 seconds
Sun Jan 29 15:15:58 2023 UTC - Warning: The game hasn't rendered a frame from us in over 10 seconds
Sun Jan 29 16:21:18 2023 UTC - Game Exit Event signaled.
Sun Jan 29 16:21:18 2023 UTC - Shutting down overlay
